app/build/intermediates/manifest_merge_blame_file/debug/manifest-merger-blame-debug-report.txt
1<?xml version="1.0" encoding="utf-8"?>
2<manifest xmlns:android="http://schemas.android.com/apk/res/android"
3    package="com.myApp" >
4
5    <uses-sdk
6        android:minSdkVersion="1"
6-->src/main/AndroidManifest.xml
7        android:targetSdkVersion="1" />
7-->src/main/AndroidManifest.xml
8
9    <uses-permission android:name="android.permission.CAMERA" />
9-->src/main/AndroidManifest.xml:4:5-64
9-->src/main/AndroidManifest.xml:4:22-62
10
11    <application
11-->src/main/AndroidManifest.xml:6:5-20:19
12        android:debuggable="true"
13        android:label="AppNameInSettings"
13-->src/main/AndroidManifest.xml:7:9-42
14        android:theme="@android:style/Theme.Light.NoTitleBar" >
14-->src/main/AndroidManifest.xml:8:9-62
15        <activity
15-->src/main/AndroidManifest.xml:10:9-19:20
16            android:name="com.myApp.MainActivity"
16-->src/main/AndroidManifest.xml:11:13-41
17            android:label="AppNameInLauncher" >
17-->src/main/AndroidManifest.xml:12:13-46
18            <intent-filter>
18-->src/main/AndroidManifest.xml:14:13-17:29
19                <action android:name="android.intent.action.MAIN" />
19-->src/main/AndroidManifest.xml:15:17-69
19-->src/main/AndroidManifest.xml:15:25-66
20
21                <category android:name="android.intent.category.LAUNCHER" />
21-->src/main/AndroidManifest.xml:16:17-76
21-->src/main/AndroidManifest.xml:16:27-74
22            </intent-filter>
23        </activity>
24    </application>
25
26</manifest>